0 info it worked if it ends with ok
1 verbose cli [ 'C:\\Program Files\\nodejs\\node.exe',
1 verbose cli   'C:\\Program Files\\nodejs\\node_modules\\npm\\bin\\npm-cli.js',
1 verbose cli   'install',
1 verbose cli   'sleep',
1 verbose cli   '--save' ]
2 info using npm@3.3.12
3 info using node@v5.2.0
4 silly loadCurrentTree Starting
5 silly install loadCurrentTree
6 silly install readLocalPackageData
7 silly fetchPackageMetaData sleep
8 silly fetchNamedPackageData sleep
9 silly mapToRegistry name sleep
10 silly mapToRegistry using default registry
11 silly mapToRegistry registry https://registry.npmjs.org/
12 silly mapToRegistry uri https://registry.npmjs.org/sleep
13 verbose request uri https://registry.npmjs.org/sleep
14 verbose request no auth needed
15 info attempt registry request try #1 at 23:14:36
16 verbose request id 9ea91a9a59d988f7
17 http request GET https://registry.npmjs.org/sleep
18 http 200 https://registry.npmjs.org/sleep
19 verbose headers { server: 'CouchDB/1.5.0 (Erlang OTP/R16B03)',
19 verbose headers   etag: '"6Z12S8T1ZAGKKLWIE8WCF74L7"',
19 verbose headers   'content-type': 'application/json',
19 verbose headers   'cache-control': 'max-age=300',
19 verbose headers   'content-length': '15651',
19 verbose headers   'accept-ranges': 'bytes',
19 verbose headers   date: 'Tue, 15 Dec 2015 22:14:55 GMT',
19 verbose headers   via: '1.1 varnish',
19 verbose headers   age: '0',
19 verbose headers   connection: 'keep-alive',
19 verbose headers   'x-served-by': 'cache-fra1221-FRA',
19 verbose headers   'x-cache': 'HIT',
19 verbose headers   'x-cache-hits': '1',
19 verbose headers   'x-timer': 'S1450217694.687372,VS0,VE429',
19 verbose headers   vary: 'Accept' }
20 silly get cb [ 200,
20 silly get   { server: 'CouchDB/1.5.0 (Erlang OTP/R16B03)',
20 silly get     etag: '"6Z12S8T1ZAGKKLWIE8WCF74L7"',
20 silly get     'content-type': 'application/json',
20 silly get     'cache-control': 'max-age=300',
20 silly get     'content-length': '15651',
20 silly get     'accept-ranges': 'bytes',
20 silly get     date: 'Tue, 15 Dec 2015 22:14:55 GMT',
20 silly get     via: '1.1 varnish',
20 silly get     age: '0',
20 silly get     connection: 'keep-alive',
20 silly get     'x-served-by': 'cache-fra1221-FRA',
20 silly get     'x-cache': 'HIT',
20 silly get     'x-cache-hits': '1',
20 silly get     'x-timer': 'S1450217694.687372,VS0,VE429',
20 silly get     vary: 'Accept' } ]
21 verbose get saving sleep to C:\Users\Robin\AppData\Roaming\npm-cache\registry.npmjs.org\sleep\.cache.json
22 silly install normalizeTree
23 silly loadCurrentTree Finishing
24 silly loadIdealTree Starting
25 silly install loadIdealTree
26 silly cloneCurrentTree Starting
27 silly install cloneCurrentTreeToIdealTree
28 silly cloneCurrentTree Finishing
29 silly loadShrinkwrap Starting
30 silly install loadShrinkwrap
31 silly loadShrinkwrap Finishing
32 silly loadAllDepsIntoIdealTree Starting
33 silly install loadAllDepsIntoIdealTree
34 silly resolveWithNewModule sleep@3.0.0 checking installable status
35 silly cache add args [ 'sleep', null ]
36 verbose cache add spec sleep
37 silly cache add parsed spec Result {
37 silly cache add   raw: 'sleep',
37 silly cache add   scope: null,
37 silly cache add   name: 'sleep',
37 silly cache add   rawSpec: '',
37 silly cache add   spec: '*',
37 silly cache add   type: 'range' }
38 silly addNamed sleep@*
39 verbose addNamed "*" is a valid semver range for sleep
40 silly addNameRange { name: 'sleep', range: '*', hasData: false }
41 silly mapToRegistry name sleep
42 silly mapToRegistry using default registry
43 silly mapToRegistry registry https://registry.npmjs.org/
44 silly mapToRegistry uri https://registry.npmjs.org/sleep
45 verbose addNameRange registry:https://registry.npmjs.org/sleep not in flight; fetching
46 verbose get https://registry.npmjs.org/sleep not expired, no request
47 silly addNameRange number 2 { name: 'sleep', range: '*', hasData: true }
48 silly addNameRange versions [ 'sleep',
48 silly addNameRange   [ '1.0.0',
48 silly addNameRange     '1.0.1',
48 silly addNameRange     '1.0.2',
48 silly addNameRange     '1.1.0',
48 silly addNameRange     '1.1.1',
48 silly addNameRange     '1.1.2',
48 silly addNameRange     '1.1.3',
48 silly addNameRange     '1.1.4',
48 silly addNameRange     '1.1.5',
48 silly addNameRange     '1.1.6',
48 silly addNameRange     '1.1.7',
48 silly addNameRange     '1.1.8',
48 silly addNameRange     '1.2.0',
48 silly addNameRange     '2.0.0',
48 silly addNameRange     '3.0.0' ] ]
49 silly addNamed sleep@3.0.0
50 verbose addNamed "3.0.0" is a plain semver version for sleep
51 silly mapToRegistry name sleep
52 silly mapToRegistry using default registry
53 silly mapToRegistry registry https://registry.npmjs.org/
54 silly mapToRegistry uri https://registry.npmjs.org/sleep
55 verbose addRemoteTarball https://registry.npmjs.org/sleep/-/sleep-3.0.0.tgz not in flight; adding
56 verbose addRemoteTarball [ 'https://registry.npmjs.org/sleep/-/sleep-3.0.0.tgz',
56 verbose addRemoteTarball   '6b374727ee43823686db192f34c1fcb5387013ef' ]
57 info retry fetch attempt 1 at 23:14:37
58 info attempt registry request try #1 at 23:14:37
59 http fetch GET https://registry.npmjs.org/sleep/-/sleep-3.0.0.tgz
60 http fetch 200 https://registry.npmjs.org/sleep/-/sleep-3.0.0.tgz
61 silly fetchAndShaCheck shasum 6b374727ee43823686db192f34c1fcb5387013ef
62 verbose addTmpTarball C:\Users\Robin\AppData\Local\Temp\npm-9380-171c7ad3\registry.npmjs.org\sleep\-\sleep-3.0.0.tgz not in flight; adding
63 verbose addTmpTarball already have metadata; skipping unpack for sleep@3.0.0
64 silly cache afterAdd sleep@3.0.0
65 verbose afterAdd C:\Users\Robin\AppData\Roaming\npm-cache\sleep\3.0.0\package\package.json not in flight; writing
66 verbose afterAdd C:\Users\Robin\AppData\Roaming\npm-cache\sleep\3.0.0\package\package.json written
67 silly loadAllDepsIntoIdealTree Finishing
68 silly idealTree:prePrune chatsock@0.0.0
68 silly idealTree:prePrune ├── accepts@1.2.13
68 silly idealTree:prePrune ├── acorn-globals@1.0.9
68 silly idealTree:prePrune ├── acorn@2.6.4
68 silly idealTree:prePrune ├── align-text@0.1.3
68 silly idealTree:prePrune ├── amdefine@1.0.0
68 silly idealTree:prePrune ├── array-flatten@1.1.1
68 silly idealTree:prePrune ├── asap@1.0.0
68 silly idealTree:prePrune ├── async@0.2.10
68 silly idealTree:prePrune ├── basic-auth@1.0.3
68 silly idealTree:prePrune ├── bindings@1.2.1
68 silly idealTree:prePrune ├── bluebird@2.9.26
68 silly idealTree:prePrune ├─┬ body-parser@1.13.3
68 silly idealTree:prePrune │ └── debug@2.2.0
68 silly idealTree:prePrune ├── bson@0.4.19
68 silly idealTree:prePrune ├── bufferutil@1.2.1
68 silly idealTree:prePrune ├── bytes@2.1.0
68 silly idealTree:prePrune ├── camelcase@1.2.1
68 silly idealTree:prePrune ├── center-align@0.1.2
68 silly idealTree:prePrune ├── character-parser@1.2.1
68 silly idealTree:prePrune ├─┬ clean-css@3.4.8
68 silly idealTree:prePrune │ └── commander@2.8.1
68 silly idealTree:prePrune ├─┬ cliui@2.1.0
68 silly idealTree:prePrune │ └── wordwrap@0.0.2
68 silly idealTree:prePrune ├── commander@2.6.0
68 silly idealTree:prePrune ├── constantinople@3.0.2
68 silly idealTree:prePrune ├── content-disposition@0.5.0
68 silly idealTree:prePrune ├── content-type@1.0.1
68 silly idealTree:prePrune ├── cookie-parser@1.3.5
68 silly idealTree:prePrune ├── cookie-signature@1.0.6
68 silly idealTree:prePrune ├── cookie@0.1.3
68 silly idealTree:prePrune ├── core-util-is@1.0.2
68 silly idealTree:prePrune ├── css-parse@1.0.4
68 silly idealTree:prePrune ├── css-stringify@1.0.5
68 silly idealTree:prePrune ├── css@1.0.8
68 silly idealTree:prePrune ├── decamelize@1.1.1
68 silly idealTree:prePrune ├── depd@1.0.1
68 silly idealTree:prePrune ├── destroy@1.0.3
68 silly idealTree:prePrune ├── ee-first@1.1.1
68 silly idealTree:prePrune ├── es6-promise@3.0.2
68 silly idealTree:prePrune ├── escape-html@1.0.2
68 silly idealTree:prePrune ├── etag@1.7.0
68 silly idealTree:prePrune ├─┬ express@4.13.3
68 silly idealTree:prePrune │ └── debug@2.2.0
68 silly idealTree:prePrune ├─┬ finalhandler@0.4.0
68 silly idealTree:prePrune │ └── debug@2.2.0
68 silly idealTree:prePrune ├── forwarded@0.1.0
68 silly idealTree:prePrune ├── fresh@0.3.0
68 silly idealTree:prePrune ├── graceful-readlink@1.0.1
68 silly idealTree:prePrune ├── hooks-fixed@1.1.0
68 silly idealTree:prePrune ├── http-errors@1.3.1
68 silly idealTree:prePrune ├── iconv-lite@0.4.11
68 silly idealTree:prePrune ├── inherits@2.0.1
68 silly idealTree:prePrune ├── ipaddr.js@1.0.5
68 silly idealTree:prePrune ├── is-buffer@1.1.0
68 silly idealTree:prePrune ├── is-promise@2.1.0
68 silly idealTree:prePrune ├── isarray@0.0.1
68 silly idealTree:prePrune ├── jade@1.11.0
68 silly idealTree:prePrune ├── jstransformer@0.0.2
68 silly idealTree:prePrune ├── kareem@1.0.1
68 silly idealTree:prePrune ├─┬ kerberos@0.0.17
68 silly idealTree:prePrune │ └── nan@2.0.9
68 silly idealTree:prePrune ├── kind-of@2.0.1
68 silly idealTree:prePrune ├── lazy-cache@0.2.7
68 silly idealTree:prePrune ├── longest@1.0.1
68 silly idealTree:prePrune ├── media-typer@0.3.0
68 silly idealTree:prePrune ├── merge-descriptors@1.0.0
68 silly idealTree:prePrune ├── methods@1.1.1
68 silly idealTree:prePrune ├── mime-db@1.20.0
68 silly idealTree:prePrune ├── mime-types@2.1.8
68 silly idealTree:prePrune ├── mime@1.3.4
68 silly idealTree:prePrune ├── minimist@0.0.8
68 silly idealTree:prePrune ├── mkdirp@0.5.1
68 silly idealTree:prePrune ├─┬ mongodb-core@1.2.28
68 silly idealTree:prePrune │ └── bson@0.4.20
68 silly idealTree:prePrune ├── mongodb@2.1.1
68 silly idealTree:prePrune ├─┬ mongoose@4.3.1
68 silly idealTree:prePrune │ ├── async@0.9.0
68 silly idealTree:prePrune │ ├─┬ mongodb-core@1.2.26
68 silly idealTree:prePrune │ │ └── bson@0.4.20
68 silly idealTree:prePrune │ └── mongodb@2.1.0
68 silly idealTree:prePrune ├─┬ morgan@1.6.1
68 silly idealTree:prePrune │ └── debug@2.2.0
68 silly idealTree:prePrune ├── mpath@0.1.1
68 silly idealTree:prePrune ├── mpromise@0.5.4
68 silly idealTree:prePrune ├─┬ mquery@1.6.3
68 silly idealTree:prePrune │ └── debug@2.2.0
68 silly idealTree:prePrune ├── ms@0.7.1
68 silly idealTree:prePrune ├── muri@1.0.0
68 silly idealTree:prePrune ├── nan@2.1.0
68 silly idealTree:prePrune ├── negotiator@0.5.3
68 silly idealTree:prePrune ├── on-finished@2.3.0
68 silly idealTree:prePrune ├── on-headers@1.0.1
68 silly idealTree:prePrune ├── optimist@0.3.7
68 silly idealTree:prePrune ├── options@0.0.6
68 silly idealTree:prePrune ├── parseurl@1.3.0
68 silly idealTree:prePrune ├── path-to-regexp@0.1.7
68 silly idealTree:prePrune ├── promise@6.1.0
68 silly idealTree:prePrune ├── proxy-addr@1.0.10
68 silly idealTree:prePrune ├── qs@4.0.0
68 silly idealTree:prePrune ├── range-parser@1.0.3
68 silly idealTree:prePrune ├─┬ raw-body@2.1.5
68 silly idealTree:prePrune │ ├── bytes@2.2.0
68 silly idealTree:prePrune │ └── iconv-lite@0.4.13
68 silly idealTree:prePrune ├── readable-stream@1.0.31
68 silly idealTree:prePrune ├── regexp-clone@0.0.1
68 silly idealTree:prePrune ├── repeat-string@1.5.2
68 silly idealTree:prePrune ├── right-align@0.1.3
68 silly idealTree:prePrune ├─┬ send@0.13.0
68 silly idealTree:prePrune │ └── debug@2.2.0
68 silly idealTree:prePrune ├── serve-favicon@2.3.0
68 silly idealTree:prePrune ├── serve-static@1.10.0
68 silly idealTree:prePrune ├── sleep@3.0.0
68 silly idealTree:prePrune ├── sliced@0.0.5
68 silly idealTree:prePrune ├── source-map@0.4.4
68 silly idealTree:prePrune ├── statuses@1.2.1
68 silly idealTree:prePrune ├── string_decoder@0.10.31
68 silly idealTree:prePrune ├─┬ transformers@2.1.0
68 silly idealTree:prePrune │ ├── is-promise@1.0.1
68 silly idealTree:prePrune │ ├── promise@2.0.0
68 silly idealTree:prePrune │ ├── source-map@0.1.43
68 silly idealTree:prePrune │ └── uglify-js@2.2.5
68 silly idealTree:prePrune ├── type-is@1.6.10
68 silly idealTree:prePrune ├─┬ uglify-js@2.6.1
68 silly idealTree:prePrune │ └── source-map@0.5.3
68 silly idealTree:prePrune ├── uglify-to-browserify@1.0.2
68 silly idealTree:prePrune ├── ultron@1.0.2
68 silly idealTree:prePrune ├── unpipe@1.0.0
68 silly idealTree:prePrune ├── utf-8-validate@1.2.1
68 silly idealTree:prePrune ├── utils-merge@1.0.0
68 silly idealTree:prePrune ├── uuid@2.0.1
68 silly idealTree:prePrune ├── vary@1.0.1
68 silly idealTree:prePrune ├── void-elements@2.0.1
68 silly idealTree:prePrune ├── window-size@0.1.0
68 silly idealTree:prePrune ├─┬ with@4.0.3
68 silly idealTree:prePrune │ └── acorn@1.2.2
68 silly idealTree:prePrune ├── wordwrap@0.0.3
68 silly idealTree:prePrune ├── ws@0.8.1
68 silly idealTree:prePrune └── yargs@3.10.0
69 silly loadIdealTree Finishing
70 silly currentTree chatsock@0.0.0
70 silly currentTree ├── accepts@1.2.13
70 silly currentTree ├── acorn-globals@1.0.9
70 silly currentTree ├── acorn@2.6.4
70 silly currentTree ├── align-text@0.1.3
70 silly currentTree ├── amdefine@1.0.0
70 silly currentTree ├── array-flatten@1.1.1
70 silly currentTree ├── asap@1.0.0
70 silly currentTree ├── async@0.2.10
70 silly currentTree ├── basic-auth@1.0.3
70 silly currentTree ├── bindings@1.2.1
70 silly currentTree ├── bluebird@2.9.26
70 silly currentTree ├─┬ body-parser@1.13.3
70 silly currentTree │ └── debug@2.2.0
70 silly currentTree ├── bson@0.4.19
70 silly currentTree ├── bufferutil@1.2.1
70 silly currentTree ├── bytes@2.1.0
70 silly currentTree ├── camelcase@1.2.1
70 silly currentTree ├── center-align@0.1.2
70 silly currentTree ├── character-parser@1.2.1
70 silly currentTree ├─┬ clean-css@3.4.8
70 silly currentTree │ └── commander@2.8.1
70 silly currentTree ├─┬ cliui@2.1.0
70 silly currentTree │ └── wordwrap@0.0.2
70 silly currentTree ├── commander@2.6.0
70 silly currentTree ├── constantinople@3.0.2
70 silly currentTree ├── content-disposition@0.5.0
70 silly currentTree ├── content-type@1.0.1
70 silly currentTree ├── cookie-parser@1.3.5
70 silly currentTree ├── cookie-signature@1.0.6
70 silly currentTree ├── cookie@0.1.3
70 silly currentTree ├── core-util-is@1.0.2
70 silly currentTree ├── css-parse@1.0.4
70 silly currentTree ├── css-stringify@1.0.5
70 silly currentTree ├── css@1.0.8
70 silly currentTree ├── decamelize@1.1.1
70 silly currentTree ├── depd@1.0.1
70 silly currentTree ├── destroy@1.0.3
70 silly currentTree ├── ee-first@1.1.1
70 silly currentTree ├── es6-promise@3.0.2
70 silly currentTree ├── escape-html@1.0.2
70 silly currentTree ├── etag@1.7.0
70 silly currentTree ├─┬ express@4.13.3
70 silly currentTree │ └── debug@2.2.0
70 silly currentTree ├─┬ finalhandler@0.4.0
70 silly currentTree │ └── debug@2.2.0
70 silly currentTree ├── forwarded@0.1.0
70 silly currentTree ├── fresh@0.3.0
70 silly currentTree ├── graceful-readlink@1.0.1
70 silly currentTree ├── hooks-fixed@1.1.0
70 silly currentTree ├── http-errors@1.3.1
70 silly currentTree ├── iconv-lite@0.4.11
70 silly currentTree ├── inherits@2.0.1
70 silly currentTree ├── ipaddr.js@1.0.5
70 silly currentTree ├── is-buffer@1.1.0
70 silly currentTree ├── is-promise@2.1.0
70 silly currentTree ├── isarray@0.0.1
70 silly currentTree ├── jade@1.11.0
70 silly currentTree ├── jstransformer@0.0.2
70 silly currentTree ├── kareem@1.0.1
70 silly currentTree ├─┬ kerberos@0.0.17
70 silly currentTree │ └── nan@2.0.9
70 silly currentTree ├── kind-of@2.0.1
70 silly currentTree ├── lazy-cache@0.2.7
70 silly currentTree ├── longest@1.0.1
70 silly currentTree ├── media-typer@0.3.0
70 silly currentTree ├── merge-descriptors@1.0.0
70 silly currentTree ├── methods@1.1.1
70 silly currentTree ├── mime-db@1.20.0
70 silly currentTree ├── mime-types@2.1.8
70 silly currentTree ├── mime@1.3.4
70 silly currentTree ├── minimist@0.0.8
70 silly currentTree ├── mkdirp@0.5.1
70 silly currentTree ├─┬ mongodb-core@1.2.28
70 silly currentTree │ └── bson@0.4.20
70 silly currentTree ├── mongodb@2.1.1
70 silly currentTree ├─┬ mongoose@4.3.1
70 silly currentTree │ ├── async@0.9.0
70 silly currentTree │ ├─┬ mongodb-core@1.2.26
70 silly currentTree │ │ └── bson@0.4.20
70 silly currentTree │ └── mongodb@2.1.0
70 silly currentTree ├─┬ morgan@1.6.1
70 silly currentTree │ └── debug@2.2.0
70 silly currentTree ├── mpath@0.1.1
70 silly currentTree ├── mpromise@0.5.4
70 silly currentTree ├─┬ mquery@1.6.3
70 silly currentTree │ └── debug@2.2.0
70 silly currentTree ├── ms@0.7.1
70 silly currentTree ├── muri@1.0.0
70 silly currentTree ├── nan@2.1.0
70 silly currentTree ├── negotiator@0.5.3
70 silly currentTree ├── on-finished@2.3.0
70 silly currentTree ├── on-headers@1.0.1
70 silly currentTree ├── optimist@0.3.7
70 silly currentTree ├── options@0.0.6
70 silly currentTree ├── parseurl@1.3.0
70 silly currentTree ├── path-to-regexp@0.1.7
70 silly currentTree ├── promise@6.1.0
70 silly currentTree ├── proxy-addr@1.0.10
70 silly currentTree ├── qs@4.0.0
70 silly currentTree ├── range-parser@1.0.3
70 silly currentTree ├─┬ raw-body@2.1.5
70 silly currentTree │ ├── bytes@2.2.0
70 silly currentTree │ └── iconv-lite@0.4.13
70 silly currentTree ├── readable-stream@1.0.31
70 silly currentTree ├── regexp-clone@0.0.1
70 silly currentTree ├── repeat-string@1.5.2
70 silly currentTree ├── right-align@0.1.3
70 silly currentTree ├─┬ send@0.13.0
70 silly currentTree │ └── debug@2.2.0
70 silly currentTree ├── serve-favicon@2.3.0
70 silly currentTree ├── serve-static@1.10.0
70 silly currentTree ├── sliced@0.0.5
70 silly currentTree ├── source-map@0.4.4
70 silly currentTree ├── statuses@1.2.1
70 silly currentTree ├── string_decoder@0.10.31
70 silly currentTree ├─┬ transformers@2.1.0
70 silly currentTree │ ├── is-promise@1.0.1
70 silly currentTree │ ├── promise@2.0.0
70 silly currentTree │ ├── source-map@0.1.43
70 silly currentTree │ └── uglify-js@2.2.5
70 silly currentTree ├── type-is@1.6.10
70 silly currentTree ├─┬ uglify-js@2.6.1
70 silly currentTree │ └── source-map@0.5.3
70 silly currentTree ├── uglify-to-browserify@1.0.2
70 silly currentTree ├── ultron@1.0.2
70 silly currentTree ├── unpipe@1.0.0
70 silly currentTree ├── utf-8-validate@1.2.1
70 silly currentTree ├── utils-merge@1.0.0
70 silly currentTree ├── uuid@2.0.1
70 silly currentTree ├── vary@1.0.1
70 silly currentTree ├── void-elements@2.0.1
70 silly currentTree ├── window-size@0.1.0
70 silly currentTree ├─┬ with@4.0.3
70 silly currentTree │ └── acorn@1.2.2
70 silly currentTree ├── wordwrap@0.0.3
70 silly currentTree ├── ws@0.8.1
70 silly currentTree └── yargs@3.10.0
71 silly idealTree chatsock@0.0.0
71 silly idealTree ├── accepts@1.2.13
71 silly idealTree ├── acorn-globals@1.0.9
71 silly idealTree ├── acorn@2.6.4
71 silly idealTree ├── align-text@0.1.3
71 silly idealTree ├── amdefine@1.0.0
71 silly idealTree ├── array-flatten@1.1.1
71 silly idealTree ├── asap@1.0.0
71 silly idealTree ├── async@0.2.10
71 silly idealTree ├── basic-auth@1.0.3
71 silly idealTree ├── bindings@1.2.1
71 silly idealTree ├── bluebird@2.9.26
71 silly idealTree ├─┬ body-parser@1.13.3
71 silly idealTree │ └── debug@2.2.0
71 silly idealTree ├── bson@0.4.19
71 silly idealTree ├── bufferutil@1.2.1
71 silly idealTree ├── bytes@2.1.0
71 silly idealTree ├── camelcase@1.2.1
71 silly idealTree ├── center-align@0.1.2
71 silly idealTree ├── character-parser@1.2.1
71 silly idealTree ├─┬ clean-css@3.4.8
71 silly idealTree │ └── commander@2.8.1
71 silly idealTree ├─┬ cliui@2.1.0
71 silly idealTree │ └── wordwrap@0.0.2
71 silly idealTree ├── commander@2.6.0
71 silly idealTree ├── constantinople@3.0.2
71 silly idealTree ├── content-disposition@0.5.0
71 silly idealTree ├── content-type@1.0.1
71 silly idealTree ├── cookie-parser@1.3.5
71 silly idealTree ├── cookie-signature@1.0.6
71 silly idealTree ├── cookie@0.1.3
71 silly idealTree ├── core-util-is@1.0.2
71 silly idealTree ├── css-parse@1.0.4
71 silly idealTree ├── css-stringify@1.0.5
71 silly idealTree ├── css@1.0.8
71 silly idealTree ├── decamelize@1.1.1
71 silly idealTree ├── depd@1.0.1
71 silly idealTree ├── destroy@1.0.3
71 silly idealTree ├── ee-first@1.1.1
71 silly idealTree ├── es6-promise@3.0.2
71 silly idealTree ├── escape-html@1.0.2
71 silly idealTree ├── etag@1.7.0
71 silly idealTree ├─┬ express@4.13.3
71 silly idealTree │ └── debug@2.2.0
71 silly idealTree ├─┬ finalhandler@0.4.0
71 silly idealTree │ └── debug@2.2.0
71 silly idealTree ├── forwarded@0.1.0
71 silly idealTree ├── fresh@0.3.0
71 silly idealTree ├── graceful-readlink@1.0.1
71 silly idealTree ├── hooks-fixed@1.1.0
71 silly idealTree ├── http-errors@1.3.1
71 silly idealTree ├── iconv-lite@0.4.11
71 silly idealTree ├── inherits@2.0.1
71 silly idealTree ├── ipaddr.js@1.0.5
71 silly idealTree ├── is-buffer@1.1.0
71 silly idealTree ├── is-promise@2.1.0
71 silly idealTree ├── isarray@0.0.1
71 silly idealTree ├── jade@1.11.0
71 silly idealTree ├── jstransformer@0.0.2
71 silly idealTree ├── kareem@1.0.1
71 silly idealTree ├─┬ kerberos@0.0.17
71 silly idealTree │ └── nan@2.0.9
71 silly idealTree ├── kind-of@2.0.1
71 silly idealTree ├── lazy-cache@0.2.7
71 silly idealTree ├── longest@1.0.1
71 silly idealTree ├── media-typer@0.3.0
71 silly idealTree ├── merge-descriptors@1.0.0
71 silly idealTree ├── methods@1.1.1
71 silly idealTree ├── mime-db@1.20.0
71 silly idealTree ├── mime-types@2.1.8
71 silly idealTree ├── mime@1.3.4
71 silly idealTree ├── minimist@0.0.8
71 silly idealTree ├── mkdirp@0.5.1
71 silly idealTree ├─┬ mongodb-core@1.2.28
71 silly idealTree │ └── bson@0.4.20
71 silly idealTree ├── mongodb@2.1.1
71 silly idealTree ├─┬ mongoose@4.3.1
71 silly idealTree │ ├── async@0.9.0
71 silly idealTree │ ├─┬ mongodb-core@1.2.26
71 silly idealTree │ │ └── bson@0.4.20
71 silly idealTree │ └── mongodb@2.1.0
71 silly idealTree ├─┬ morgan@1.6.1
71 silly idealTree │ └── debug@2.2.0
71 silly idealTree ├── mpath@0.1.1
71 silly idealTree ├── mpromise@0.5.4
71 silly idealTree ├─┬ mquery@1.6.3
71 silly idealTree │ └── debug@2.2.0
71 silly idealTree ├── ms@0.7.1
71 silly idealTree ├── muri@1.0.0
71 silly idealTree ├── nan@2.1.0
71 silly idealTree ├── negotiator@0.5.3
71 silly idealTree ├── on-finished@2.3.0
71 silly idealTree ├── on-headers@1.0.1
71 silly idealTree ├── optimist@0.3.7
71 silly idealTree ├── options@0.0.6
71 silly idealTree ├── parseurl@1.3.0
71 silly idealTree ├── path-to-regexp@0.1.7
71 silly idealTree ├── promise@6.1.0
71 silly idealTree ├── proxy-addr@1.0.10
71 silly idealTree ├── qs@4.0.0
71 silly idealTree ├── range-parser@1.0.3
71 silly idealTree ├─┬ raw-body@2.1.5
71 silly idealTree │ ├── bytes@2.2.0
71 silly idealTree │ └── iconv-lite@0.4.13
71 silly idealTree ├── readable-stream@1.0.31
71 silly idealTree ├── regexp-clone@0.0.1
71 silly idealTree ├── repeat-string@1.5.2
71 silly idealTree ├── right-align@0.1.3
71 silly idealTree ├─┬ send@0.13.0
71 silly idealTree │ └── debug@2.2.0
71 silly idealTree ├── serve-favicon@2.3.0
71 silly idealTree ├── serve-static@1.10.0
71 silly idealTree ├── sleep@3.0.0
71 silly idealTree ├── sliced@0.0.5
71 silly idealTree ├── source-map@0.4.4
71 silly idealTree ├── statuses@1.2.1
71 silly idealTree ├── string_decoder@0.10.31
71 silly idealTree ├─┬ transformers@2.1.0
71 silly idealTree │ ├── is-promise@1.0.1
71 silly idealTree │ ├── promise@2.0.0
71 silly idealTree │ ├── source-map@0.1.43
71 silly idealTree │ └── uglify-js@2.2.5
71 silly idealTree ├── type-is@1.6.10
71 silly idealTree ├─┬ uglify-js@2.6.1
71 silly idealTree │ └── source-map@0.5.3
71 silly idealTree ├── uglify-to-browserify@1.0.2
71 silly idealTree ├── ultron@1.0.2
71 silly idealTree ├── unpipe@1.0.0
71 silly idealTree ├── utf-8-validate@1.2.1
71 silly idealTree ├── utils-merge@1.0.0
71 silly idealTree ├── uuid@2.0.1
71 silly idealTree ├── vary@1.0.1
71 silly idealTree ├── void-elements@2.0.1
71 silly idealTree ├── window-size@0.1.0
71 silly idealTree ├─┬ with@4.0.3
71 silly idealTree │ └── acorn@1.2.2
71 silly idealTree ├── wordwrap@0.0.3
71 silly idealTree ├── ws@0.8.1
71 silly idealTree └── yargs@3.10.0
72 silly generateActionsToTake Starting
73 silly install generateActionsToTake
74 silly generateActionsToTake Finishing
75 silly diffTrees action count 1
76 silly diffTrees add sleep@3.0.0
77 silly decomposeActions action count 8
78 silly decomposeActions fetch sleep@3.0.0
79 silly decomposeActions extract sleep@3.0.0
80 silly decomposeActions preinstall sleep@3.0.0
81 silly decomposeActions build sleep@3.0.0
82 silly decomposeActions install sleep@3.0.0
83 silly decomposeActions postinstall sleep@3.0.0
84 silly decomposeActions test sleep@3.0.0
85 silly decomposeActions finalize sleep@3.0.0
86 silly executeActions Starting
87 silly install executeActions
88 silly doSerial global-install 0
89 silly doParallel fetch 1
90 verbose lock using C:\Users\Robin\AppData\Roaming\npm-cache\_locks\staging-ececcde385adc32e.lock for C:\Users\Robin\WebstormProjects\chatsock\node_modules\.staging
91 silly doParallel extract 1
92 silly extract sleep@3.0.0
93 verbose unbuild node_modules\.staging\sleep-2aeeb17acc9374daa74d02bf8bc9d8dc
94 silly gentlyRm C:\Users\Robin\WebstormProjects\chatsock\node_modules\.staging\sleep-2aeeb17acc9374daa74d02bf8bc9d8dc is being purged from base C:\Users\Robin\WebstormProjects\chatsock
95 verbose gentlyRm don't care about contents; nuking C:\Users\Robin\WebstormProjects\chatsock\node_modules\.staging\sleep-2aeeb17acc9374daa74d02bf8bc9d8dc
96 verbose tar unpack C:\Users\Robin\AppData\Roaming\npm-cache\sleep\3.0.0\package.tgz
97 verbose tar unpacking to C:\Users\Robin\WebstormProjects\chatsock\node_modules\.staging\sleep-2aeeb17acc9374daa74d02bf8bc9d8dc
98 silly gentlyRm C:\Users\Robin\WebstormProjects\chatsock\node_modules\.staging\sleep-2aeeb17acc9374daa74d02bf8bc9d8dc is being purged
99 verbose gentlyRm don't care about contents; nuking C:\Users\Robin\WebstormProjects\chatsock\node_modules\.staging\sleep-2aeeb17acc9374daa74d02bf8bc9d8dc
100 silly gunzTarPerm modes [ '777', '666' ]
101 silly gunzTarPerm extractEntry package.json
102 silly gunzTarPerm modified mode [ 'package.json', 436, 438 ]
103 silly gunzTarPerm extractEntry .npmignore
104 silly gunzTarPerm modified mode [ '.npmignore', 436, 438 ]
105 silly gunzTarPerm extractEntry README.md
106 silly gunzTarPerm modified mode [ 'README.md', 436, 438 ]
107 silly gunzTarPerm extractEntry index.js
108 silly gunzTarPerm modified mode [ 'index.js', 436, 438 ]
109 silly gunzTarPerm extractEntry test.js
110 silly gunzTarPerm modified mode [ 'test.js', 436, 438 ]
111 silly gunzTarPerm extractEntry LICENSE.txt
112 silly gunzTarPerm modified mode [ 'LICENSE.txt', 436, 438 ]
113 silly gunzTarPerm extractEntry binding.gyp
114 silly gunzTarPerm modified mode [ 'binding.gyp', 436, 438 ]
115 silly gunzTarPerm extractEntry sleep.cc
116 silly gunzTarPerm modified mode [ 'sleep.cc', 436, 438 ]
117 silly doParallel preinstall 1
118 silly preinstall sleep@3.0.0 C:\Users\Robin\WebstormProjects\chatsock\node_modules\.staging\sleep-2aeeb17acc9374daa74d02bf8bc9d8dc
119 info lifecycle sleep@3.0.0~preinstall: sleep@3.0.0
120 silly lifecycle sleep@3.0.0~preinstall: no script for preinstall, continuing
121 silly doReverseSerial remove 0
122 silly doSerial move 0
123 silly doSerial finalize 1
124 silly finalize C:\Users\Robin\WebstormProjects\chatsock\node_modules\sleep
125 silly doSerial build 1
126 silly build sleep@3.0.0
127 info linkStuff sleep@3.0.0
128 silly linkStuff sleep@3.0.0 has C:\Users\Robin\WebstormProjects\chatsock\node_modules as its parent node_modules
129 verbose linkBins sleep@3.0.0
130 verbose linkMans sleep@3.0.0
131 silly doSerial global-link 0
132 silly doParallel update-linked 0
133 silly doSerial install 1
134 silly install sleep@3.0.0 C:\Users\Robin\WebstormProjects\chatsock\node_modules\.staging\sleep-2aeeb17acc9374daa74d02bf8bc9d8dc
135 info lifecycle sleep@3.0.0~install: sleep@3.0.0
136 verbose lifecycle sleep@3.0.0~install: unsafe-perm in lifecycle true
137 verbose lifecycle sleep@3.0.0~install: PATH: C:\Program Files\nodejs\node_modules\npm\bin\node-gyp-bin;C:\Users\Robin\WebstormProjects\chatsock\node_modules\sleep\node_modules\.bin;C:\Users\Robin\WebstormProjects\chatsock\node_modules\.bin;C:\Program Files (x86)\CollabNet;C:\Program Files (x86)\Embarcadero\RAD Studio\9.0\bin;C:\Users\Public\Documents\RAD Studio\9.0\Bpl;C:\Program Files (x86)\Embarcadero\RAD Studio\9.0\bin64;C:\Users\Public\Documents\RAD Studio\9.0\Bpl\Win64;C:\Program Files (x86)\python3\;C:\Program Files (x86)\python3\Scripts;C:\ProgramData\Oracle\Java\javapath;C:\Windows\system32;C:\Windows;C:\Windows\System32\Wbem;C:\Windows\System32\WindowsPowerShell\v1.0\;C:\Program Files (x86)\ATI Technologies\ATI.ACE\Core-Static;C:\Program Files (x86)\AMD\ATI.ACE\Core-Static;C:\Windows\System32\WindowsPowerS;C:\Program Files\Java\jdk1.8.0_60\bin\;C:\Program Files (x86)\Skype\Phone\;C:\Users\Robin\IdeaProjects\2A\out\production\2A\Model;C:\WINDOWS\system32;C:\WINDOWS;C:\WINDOWS\System32\Wbem;C:\WINDOWS\System32\WindowsPowerShell\v1.0\;C:\Users\Robin\.dnx\bin;C:\Program Files\Microsoft DNX\Dnvm\;C:\Program Files\Microsoft SQL Server\120\Tools\Binn\;C:\Program Files (x86)\Windows Kits\10\Windows Performance Toolkit\;C:\Program Files\nodejs\;C:\Program Files (x86)\Nmap;C:\Users\Robin\AppData\Roaming\npm
138 verbose lifecycle sleep@3.0.0~install: CWD: C:\Users\Robin\WebstormProjects\chatsock\node_modules\sleep
139 silly lifecycle sleep@3.0.0~install: Args: [ '/d /s /c', 'node-gyp rebuild' ]
140 silly lifecycle sleep@3.0.0~install: Returned: code: 1  signal: null
141 info lifecycle sleep@3.0.0~install: Failed to exec install script
142 verbose unlock done using C:\Users\Robin\AppData\Roaming\npm-cache\_locks\staging-ececcde385adc32e.lock for C:\Users\Robin\WebstormProjects\chatsock\node_modules\.staging
143 silly rollbackFailedOptional Starting
144 silly rollbackFailedOptional Finishing
145 silly runTopLevelLifecycles Starting
146 silly runTopLevelLifecycles Finishing
147 silly install printInstalled
148 verbose stack Error: sleep@3.0.0 install: `node-gyp rebuild`
148 verbose stack Exit status 1
148 verbose stack     at EventEmitter.<anonymous> (C:\Program Files\nodejs\node_modules\npm\lib\utils\lifecycle.js:232:16)
148 verbose stack     at emitTwo (events.js:88:13)
148 verbose stack     at EventEmitter.emit (events.js:173:7)
148 verbose stack     at ChildProcess.<anonymous> (C:\Program Files\nodejs\node_modules\npm\lib\utils\spawn.js:24:14)
148 verbose stack     at emitTwo (events.js:88:13)
148 verbose stack     at ChildProcess.emit (events.js:173:7)
148 verbose stack     at maybeClose (internal/child_process.js:819:16)
148 verbose stack     at Process.ChildProcess._handle.onexit (internal/child_process.js:212:5)
149 verbose pkgid sleep@3.0.0
150 verbose cwd C:\Users\Robin\WebstormProjects\chatsock
151 error Windows_NT 10.0.10586
152 error argv "C:\\Program Files\\nodejs\\node.exe" "C:\\Program Files\\nodejs\\node_modules\\npm\\bin\\npm-cli.js" "install" "sleep" "--save"
153 error node v5.2.0
154 error npm  v3.3.12
155 error code ELIFECYCLE
156 error sleep@3.0.0 install: `node-gyp rebuild`
156 error Exit status 1
157 error Failed at the sleep@3.0.0 install script 'node-gyp rebuild'.
157 error Make sure you have the latest version of node.js and npm installed.
157 error If you do, this is most likely a problem with the sleep package,
157 error not with npm itself.
157 error Tell the author that this fails on your system:
157 error     node-gyp rebuild
157 error You can get their info via:
157 error     npm owner ls sleep
157 error There is likely additional logging output above.
158 verbose exit [ 1, true ]
